<?xml version="1.0" encoding="UTF-8"?>
<testng-results ignored="0" total="5" passed="5" failed="0" skipped="0">
  <reporter-output>
  </reporter-output>
  <suite started-at="2023-08-09T17:07:41 IST" name="Default suite" finished-at="2023-08-09T17:08:14 IST" duration-ms="32230">
    <groups>
      <group name="cucumber">
        <method signature="AbstractTestNGCucumberTests.runScenario(io.cucumber.testng.PickleWrapper,io.cucumber.testng.FeatureWrapper)[pri:0, instance:com.asses.runner.CucumberRunner@1cf6d1be]" name="runScenario" class="io.cucumber.testng.AbstractTestNGCucumberTests"/>
      </group> <!-- cucumber -->
    </groups>
    <test started-at="2023-08-09T17:07:41 IST" name="Default test" finished-at="2023-08-09T17:08:14 IST" duration-ms="32230">
      <class name="com.asses.runner.CucumberRunner">
        <test-method is-config="true" signature="setUpClass(org.testng.ITestContext)[pri:0, instance:com.asses.runner.CucumberRunner@1cf6d1be]" started-at="2023-08-09T17:07:41 IST" name="setUpClass" finished-at="2023-08-09T17:07:42 IST" duration-ms="818" status="PASS">
          <params>
            <param index="0">
              <value>
                <![CDATA[org.testng.TestRunner@795131d6]]>
              </value>
            </param>
          </params>
          <reporter-output>
          </reporter-output>
        </test-method> <!-- setUpClass -->
        <test-method signature="runScenario(io.cucumber.testng.PickleWrapper,io.cucumber.testng.FeatureWrapper)[pri:0, instance:com.asses.runner.CucumberRunner@1cf6d1be]" started-at="2023-08-09T17:07:42 IST" name="runScenario" description="Runs Cucumber Scenarios" data-provider="scenarios" finished-at="2023-08-09T17:07:46 IST" duration-ms="3695" status="PASS">
          <params>
            <param index="0">
              <value>
                <![CDATA["GetUserById"]]>
              </value>
            </param>
            <param index="1">
              <value>
                <![CDATA["Request Response site APIs"]]>
              </value>
            </param>
          </params>
          <reporter-output>
          </reporter-output>
        </test-method> <!-- runScenario -->
        <test-method signature="runScenario(io.cucumber.testng.PickleWrapper,io.cucumber.testng.FeatureWrapper)[pri:0, instance:com.asses.runner.CucumberRunner@1cf6d1be]" started-at="2023-08-09T17:07:46 IST" name="runScenario" description="Runs Cucumber Scenarios" data-provider="scenarios" finished-at="2023-08-09T17:07:47 IST" duration-ms="753" status="PASS">
          <params>
            <param index="0">
              <value>
                <![CDATA["CreateUser"]]>
              </value>
            </param>
            <param index="1">
              <value>
                <![CDATA["Request Response site APIs"]]>
              </value>
            </param>
          </params>
          <reporter-output>
          </reporter-output>
        </test-method> <!-- runScenario -->
        <test-method signature="runScenario(io.cucumber.testng.PickleWrapper,io.cucumber.testng.FeatureWrapper)[pri:0, instance:com.asses.runner.CucumberRunner@1cf6d1be]" started-at="2023-08-09T17:07:47 IST" name="runScenario" description="Runs Cucumber Scenarios" data-provider="scenarios" finished-at="2023-08-09T17:07:47 IST" duration-ms="80" status="PASS">
          <params>
            <param index="0">
              <value>
                <![CDATA["ReadInputAndGenerateOutput"]]>
              </value>
            </param>
            <param index="1">
              <value>
                <![CDATA["Read,Process and Generate Output"]]>
              </value>
            </param>
          </params>
          <reporter-output>
          </reporter-output>
        </test-method> <!-- runScenario -->
        <test-method signature="runScenario(io.cucumber.testng.PickleWrapper,io.cucumber.testng.FeatureWrapper)[pri:0, instance:com.asses.runner.CucumberRunner@1cf6d1be]" started-at="2023-08-09T17:07:47 IST" name="runScenario" description="Runs Cucumber Scenarios" data-provider="scenarios" finished-at="2023-08-09T17:08:01 IST" duration-ms="14358" status="PASS">
          <params>
            <param index="0">
              <value>
                <![CDATA["HomePage"]]>
              </value>
            </param>
            <param index="1">
              <value>
                <![CDATA["RequestResponse UI Validation"]]>
              </value>
            </param>
          </params>
          <reporter-output>
          </reporter-output>
        </test-method> <!-- runScenario -->
        <test-method signature="runScenario(io.cucumber.testng.PickleWrapper,io.cucumber.testng.FeatureWrapper)[pri:0, instance:com.asses.runner.CucumberRunner@1cf6d1be]" started-at="2023-08-09T17:08:01 IST" name="runScenario" description="Runs Cucumber Scenarios" data-provider="scenarios" finished-at="2023-08-09T17:08:11 IST" duration-ms="10246" status="PASS">
          <params>
            <param index="0">
              <value>
                <![CDATA["Support Page"]]>
              </value>
            </param>
            <param index="1">
              <value>
                <![CDATA["RequestResponse UI Validation"]]>
              </value>
            </param>
          </params>
          <reporter-output>
          </reporter-output>
        </test-method> <!-- runScenario -->
        <test-method is-config="true" signature="tearDownClass()[pri:0, instance:com.asses.runner.CucumberRunner@1cf6d1be]" started-at="2023-08-09T17:08:11 IST" name="tearDownClass" finished-at="2023-08-09T17:08:14 IST" duration-ms="2218" status="PASS">
          <reporter-output>
          </reporter-output>
        </test-method> <!-- tearDownClass -->
      </class> <!-- com.asses.runner.CucumberRunner -->
    </test> <!-- Default test -->
  </suite> <!-- Default suite -->
</testng-results>
